{
  message: 'This is an error log message',
  level: '\x1B[31merror\x1B[39m',
  service: 'user-service',
  timestamp: '2024-01-25 11:11:51',
  label: 'right meow!'
}
{
  message: 'This is an error log message',
  level: '\x1B[31merror\x1B[39m',
  service: 'user-service',
  timestamp: '2024-01-25 11:11:58',
  label: 'right meow!'
}
{
  message: 'This is an error log message',
  level: '\x1B[31merror\x1B[39m',
  timestamp: '2024-01-25 11:12:45',
  label: 'right meow!'
}
{
  message: 'This is an error log message',
  level: 'error',
  timestamp: '2024-01-25 11:13:49',
  label: 'right meow!'
}
{
  message: 'This is an error log message',
  level: 'error',
  timestamp: '2024-01-25 11:13:53',
  label: 'right meow!'
}
{
  level: 'error',
  message: 'This is an error log message This is an error log message',
  stack: 'Error: This is an error log message\n' +
    '    at Object.<anonymous> (F:\\Learning\\All Coliseum\\bungo-coliseum2-api\\src\\graphql\\test.js:6:51)\n' +
    '    at Module._compile (node:internal/modules/cjs/loader:1376:14)\n' +
    '    at Module._extensions..js (node:internal/modules/cjs/loader:1435:10)\n' +
    '    at Module.load (node:internal/modules/cjs/loader:1207:32)\n' +
    '    at Module._load (node:internal/modules/cjs/loader:1023:12)\n' +
    '    at Function.executeUserEntryPoint [as runMain] (node:internal/modules/run_main:135:12)\n' +
    '    at node:internal/main/run_main_module:28:49',
  timestamp: '2024-01-25 11:14:10',
  label: 'right meow!'
}
